[debug] [2019-08-15T17:50:21.135Z] ----------------------------------------------------------------------
[debug] [2019-08-15T17:50:21.139Z] Command:       C:\Program Files\nodejs\node.exe C:\Users\Anyi Baba\AppData\Roaming\npm\node_modules\firebase-tools\lib\bin\firebase.js deploy
[debug] [2019-08-15T17:50:21.139Z] CLI Version:   7.2.2
[debug] [2019-08-15T17:50:21.139Z] Platform:      win32
[debug] [2019-08-15T17:50:21.139Z] Node Version:  v12.7.0
[debug] [2019-08-15T17:50:21.141Z] Time:          Thu Aug 15 2019 18:50:21 GMT+0100 (West Africa Standard Time)
[debug] [2019-08-15T17:50:21.141Z] ----------------------------------------------------------------------
[debug] 
[debug] [2019-08-15T17:50:21.156Z] > command requires scopes: ["email","openid","https://www.googleapis.com/auth/cloudplatformprojects.readonly","https://www.googleapis.com/auth/firebase","https://www.googleapis.com/auth/cloud-platform"]
[debug] [2019-08-15T17:50:21.158Z] > authorizing via signed-in user
[debug] [2019-08-15T17:50:21.159Z] [iam] checking project tracks-base-test for permissions ["cloudfunctions.functions.create","cloudfunctions.functions.delete","cloudfunctions.functions.get","cloudfunctions.functions.list","cloudfunctions.functions.update","cloudfunctions.operations.get","datastore.indexes.create","datastore.indexes.delete","datastore.indexes.list","datastore.indexes.update","firebase.projects.get","firebaserules.releases.create","firebaserules.releases.update","firebaserules.rulesets.create"]
[debug] [2019-08-15T17:50:21.163Z] >>> HTTP REQUEST POST https://cloudresourcemanager.googleapis.com/v1/projects/tracks-base-test:testIamPermissions  

[debug] [2019-08-15T17:50:25.025Z] <<< HTTP RESPONSE 200
[info] 
[info] === Deploying to 'tracks-base-test'...
[info] 
[info] i  deploying storage, firestore, functions
[info] Running command: npm --prefix "$RESOURCE_DIR" run lint
[info] +  functions: Finished running predeploy script.
[debug] [2019-08-15T17:50:33.417Z] >>> HTTP REQUEST GET https://appengine.googleapis.com/v1/apps/tracks-base-test  
 
[debug] [2019-08-15T17:50:35.221Z] <<< HTTP RESPONSE 200
[info] i  storage: checking storage.rules for compilation errors...
[debug] [2019-08-15T17:50:35.227Z] >>> HTTP REQUEST POST https://firebaserules.googleapis.com/v1/projects/tracks-base-test:test  

[debug] [2019-08-15T17:50:36.454Z] <<< HTTP RESPONSE 200
[info] +  storage: rules file storage.rules compiled successfully
[info] i  firestore: checking firestore.rules for compilation errors...
[info] i  firestore: reading indexes from firestore.indexes.json...
[debug] [2019-08-15T17:50:36.461Z] >>> HTTP REQUEST POST https://firebaserules.googleapis.com/v1/projects/tracks-base-test:test  

[debug] [2019-08-15T17:50:37.589Z] <<< HTTP RESPONSE 200
[info] +  firestore: rules file firestore.rules compiled successfully
[debug] [2019-08-15T17:50:37.594Z] > [functions] package.json contents: {
  "name": "functions",
  "description": "Cloud Functions for Firebase",
  "scripts": {
    "lint": "eslint .",
    "serve": "firebase serve --only functions",
    "shell": "firebase functions:shell",
    "start": "npm run shell",
    "deploy": "firebase deploy --only functions",
    "logs": "firebase functions:log"
  },
  "engines": {
    "node": "8"
  },
  "dependencies": {
    "@firebase/app": "^0.4.14",
    "@firebase/app-types": "^0.4.3",
    "firebase-admin": "^8.0.0",
    "firebase-functions": "^3.1.0"
  },
  "devDependencies": {
    "eslint": "^5.12.0",
    "eslint-plugin-promise": "^4.0.1",
    "firebase-functions-test": "^0.1.6"
  },
  "private": true
}
[info] i  functions: ensuring necessary APIs are enabled...
[debug] [2019-08-15T17:50:37.595Z] >>> HTTP REQUEST GET https://serviceusage.googleapis.com/v1/projects/tracks-base-test/services/cloudfunctions.googleapis.com  
 
[debug] [2019-08-15T17:50:37.596Z] >>> HTTP REQUEST GET https://serviceusage.googleapis.com/v1/projects/tracks-base-test/services/runtimeconfig.googleapis.com  
 
[debug] [2019-08-15T17:50:39.549Z] <<< HTTP RESPONSE 200
[debug] [2019-08-15T17:50:39.596Z] <<< HTTP RESPONSE 200
[info] +  functions: all necessary APIs are enabled
[debug] [2019-08-15T17:50:39.601Z] >>> HTTP REQUEST GET https://firebase.googleapis.com/v1beta1/projects/tracks-base-test/adminSdkConfig  
 
[debug] [2019-08-15T17:50:40.175Z] <<< HTTP RESPONSE 200
[info] i  storage: uploading rules storage.rules...
[debug] [2019-08-15T17:50:40.178Z] >>> HTTP REQUEST POST https://firebaserules.googleapis.com/v1/projects/tracks-base-test/rulesets  

[debug] [2019-08-15T17:50:40.685Z] <<< HTTP RESPONSE 200
[debug] [2019-08-15T17:50:40.685Z] [rules] created ruleset projects/tracks-base-test/rulesets/0c73bda4-ce10-4e75-a43f-09a6bce27de2
[info] i  firestore: uploading rules firestore.rules...
[debug] [2019-08-15T17:50:40.689Z] >>> HTTP REQUEST POST https://firebaserules.googleapis.com/v1/projects/tracks-base-test/rulesets  

[debug] [2019-08-15T17:50:40.690Z] >>> HTTP REQUEST GET https://firestore.googleapis.com/v1beta2/projects/tracks-base-test/databases/(default)/collectionGroups/-/indexes  
 
[debug] [2019-08-15T17:50:41.761Z] <<< HTTP RESPONSE 200
[debug] [2019-08-15T17:50:41.761Z] [rules] created ruleset projects/tracks-base-test/rulesets/d7c79c53-a838-438c-850a-c59e9f544c05
[debug] [2019-08-15T17:50:41.889Z] <<< HTTP RESPONSE 200
[debug] [2019-08-15T17:50:41.890Z] >>> HTTP REQUEST GET https://firestore.googleapis.com/v1beta2/projects/tracks-base-test/databases/(default)/collectionGroups/-/fields?filter=indexConfig.usesAncestorConfig=false  
 
